e:\비주얼 스튜디오 프로젝트\런닝머신 운동기록 입력기 - 블루투스 이용\런닝머신 운동기록 입력기 - 블루투스 이용\debug\런닝머신 운동기록 입력기 - 블루투스 이용.pch
e:\비주얼 스튜디오 프로젝트\런닝머신 운동기록 입력기 - 블루투스 이용\런닝머신 운동기록 입력기 - 블루투스 이용\debug\vc120.pdb
e:\비주얼 스튜디오 프로젝트\런닝머신 운동기록 입력기 - 블루투스 이용\런닝머신 운동기록 입력기 - 블루투스 이용\debug\vc120.idb
e:\비주얼 스튜디오 프로젝트\런닝머신 운동기록 입력기 - 블루투스 이용\런닝머신 운동기록 입력기 - 블루투스 이용\debug\stdafx.obj
e:\비주얼 스튜디오 프로젝트\런닝머신 운동기록 입력기 - 블루투스 이용\런닝머신 운동기록 입력기 - 블루투스 이용\debug\showallcontents.obj
e:\비주얼 스튜디오 프로젝트\런닝머신 운동기록 입력기 - 블루투스 이용\런닝머신 운동기록 입력기 - 블루투스 이용\debug\showcontents.obj
e:\비주얼 스튜디오 프로젝트\런닝머신 운동기록 입력기 - 블루투스 이용\런닝머신 운동기록 입력기 - 블루투스 이용\debug\showdateinput.obj
e:\비주얼 스튜디오 프로젝트\런닝머신 운동기록 입력기 - 블루투스 이용\런닝머신 운동기록 입력기 - 블루투스 이용\debug\showtimeinput.obj
e:\비주얼 스튜디오 프로젝트\런닝머신 운동기록 입력기 - 블루투스 이용\런닝머신 운동기록 입력기 - 블루투스 이용\debug\show_detail_input.obj
e:\비주얼 스튜디오 프로젝트\런닝머신 운동기록 입력기 - 블루투스 이용\런닝머신 운동기록 입력기 - 블루투스 이용\debug\런닝머신 운동기록 입력기 - 블루투스 이용.obj
e:\비주얼 스튜디오 프로젝트\런닝머신 운동기록 입력기 - 블루투스 이용\런닝머신 운동기록 입력기 - 블루투스 이용\debug\senddata.obj
e:\비주얼 스튜디오 프로젝트\런닝머신 운동기록 입력기 - 블루투스 이용\런닝머신 운동기록 입력기 - 블루투스 이용\debug\handles.obj
e:\비주얼 스튜디오 프로젝트\런닝머신 운동기록 입력기 - 블루투스 이용\debug\런닝머신 운동기록 입력기 - 블루투스 이용.ilk
e:\비주얼 스튜디오 프로젝트\런닝머신 운동기록 입력기 - 블루투스 이용\debug\런닝머신 운동기록 입력기 - 블루투스 이용.exe
e:\비주얼 스튜디오 프로젝트\런닝머신 운동기록 입력기 - 블루투스 이용\debug\런닝머신 운동기록 입력기 - 블루투스 이용.pdb
e:\비주얼 스튜디오 프로젝트\런닝머신 운동기록 입력기 - 블루투스 이용\런닝머신 운동기록 입력기 - 블루투스 이용\debug\런닝머신 운동기록 입력기 - 블루투스 이용.res
e:\비주얼 스튜디오 프로젝트\런닝머신 운동기록 입력기 - 블루투스 이용\런닝머신 운동기록 입력기 - 블루투스 이용\debug\런닝머신 운동기.a024cf0b.tlog\cl.command.1.tlog
e:\비주얼 스튜디오 프로젝트\런닝머신 운동기록 입력기 - 블루투스 이용\런닝머신 운동기록 입력기 - 블루투스 이용\debug\런닝머신 운동기.a024cf0b.tlog\cl.read.1.tlog
e:\비주얼 스튜디오 프로젝트\런닝머신 운동기록 입력기 - 블루투스 이용\런닝머신 운동기록 입력기 - 블루투스 이용\debug\런닝머신 운동기.a024cf0b.tlog\cl.write.1.tlog
e:\비주얼 스튜디오 프로젝트\런닝머신 운동기록 입력기 - 블루투스 이용\런닝머신 운동기록 입력기 - 블루투스 이용\debug\런닝머신 운동기.a024cf0b.tlog\link.command.1.tlog
e:\비주얼 스튜디오 프로젝트\런닝머신 운동기록 입력기 - 블루투스 이용\런닝머신 운동기록 입력기 - 블루투스 이용\debug\런닝머신 운동기.a024cf0b.tlog\link.read.1.tlog
e:\비주얼 스튜디오 프로젝트\런닝머신 운동기록 입력기 - 블루투스 이용\런닝머신 운동기록 입력기 - 블루투스 이용\debug\런닝머신 운동기.a024cf0b.tlog\link.write.1.tlog
e:\비주얼 스튜디오 프로젝트\런닝머신 운동기록 입력기 - 블루투스 이용\런닝머신 운동기록 입력기 - 블루투스 이용\debug\런닝머신 운동기.a024cf0b.tlog\rc.command.1.tlog
e:\비주얼 스튜디오 프로젝트\런닝머신 운동기록 입력기 - 블루투스 이용\런닝머신 운동기록 입력기 - 블루투스 이용\debug\런닝머신 운동기.a024cf0b.tlog\rc.read.1.tlog
e:\비주얼 스튜디오 프로젝트\런닝머신 운동기록 입력기 - 블루투스 이용\런닝머신 운동기록 입력기 - 블루투스 이용\debug\런닝머신 운동기.a024cf0b.tlog\rc.write.1.tlog
